[2021-03-04T13:22:11.600] [DEBUG] cheese - login => username:zs,password:123456
[2021-03-04T13:22:11.605] [DEBUG] cheese - zs
[2021-03-04T13:22:11.622] [DEBUG] cheese - null
[2021-03-04T13:22:11.623] [DEBUG] cheese - null
[2021-03-04T13:22:29.653] [DEBUG] cheese - login => username:admin,password:123456
[2021-03-04T13:22:29.653] [DEBUG] cheese - admin
[2021-03-04T13:22:29.668] [DEBUG] cheese - null
[2021-03-04T13:22:29.668] [DEBUG] cheese - null
[2021-03-04T22:14:38.840] [DEBUG] cheese - login => username:admin,password:123456
[2021-03-04T22:14:38.842] [DEBUG] cheese - admin
[2021-03-04T22:14:38.859] [DEBUG] cheese - null
[2021-03-04T22:14:38.860] [DEBUG] cheese - null
[2021-03-04T22:21:44.071] [DEBUG] cheese - login => username:123,password:123123
[2021-03-04T22:21:44.072] [DEBUG] cheese - 123
[2021-03-04T22:21:44.077] [DEBUG] cheese - null
[2021-03-04T22:21:44.077] [DEBUG] cheese - null
[2021-03-04T22:23:02.366] [DEBUG] cheese - login => username:admin,password:123456
[2021-03-04T22:23:02.367] [DEBUG] cheese - admin
[2021-03-04T22:23:02.376] [DEBUG] cheese - null
[2021-03-04T22:23:02.376] [DEBUG] cheese - null
[2021-03-04T22:24:54.455] [DEBUG] cheese - login => username:123,password:1231231231
[2021-03-04T22:24:54.455] [DEBUG] cheese - 123
[2021-03-04T22:24:54.459] [DEBUG] cheese - null
[2021-03-04T22:24:54.459] [DEBUG] cheese - null
[2021-03-05T09:48:50.256] [DEBUG] cheese - login => username:admin,password:123456
[2021-03-05T09:48:50.259] [DEBUG] cheese - admin
[2021-03-05T09:48:50.286] [DEBUG] cheese - null
[2021-03-05T09:48:50.287] [DEBUG] cheese - null
[2021-03-05T09:50:33.400] [DEBUG] cheese - login => username:admin,password:123456
[2021-03-05T09:50:33.401] [DEBUG] cheese - admin
[2021-03-05T09:50:33.409] [DEBUG] cheese - null
[2021-03-05T09:50:33.409] [DEBUG] cheese - null
[2021-03-05T10:04:36.225] [DEBUG] cheese - login => username:admin,password:123456
[2021-03-05T10:04:36.226] [DEBUG] cheese - admin
[2021-03-05T10:04:36.231] [DEBUG] cheese - null
[2021-03-05T10:04:36.231] [DEBUG] cheese - null
[2021-03-05T10:44:51.209] [DEBUG] cheese - login => username:admin,password:123456
[2021-03-05T10:44:51.209] [DEBUG] cheese - admin
[2021-03-05T10:44:51.216] [DEBUG] cheese - null
[2021-03-05T10:44:51.216] [DEBUG] cheese - null
[2021-03-05T10:45:06.452] [DEBUG] cheese - login => username:admin,password:123456
[2021-03-05T10:45:06.452] [DEBUG] cheese - admin
[2021-03-05T10:45:06.457] [DEBUG] cheese - null
[2021-03-05T10:45:06.458] [DEBUG] cheese - null
[2021-03-05T14:23:34.933] [DEBUG] cheese - login => username:admin,password:123456
[2021-03-05T14:23:34.933] [DEBUG] cheese - admin
[2021-03-05T14:23:34.940] [DEBUG] cheese - null
[2021-03-05T14:23:34.940] [DEBUG] cheese - null
[2021-03-05T16:48:09.282] [DEBUG] cheese - login => username:admin,password:123456
[2021-03-05T16:48:09.282] [DEBUG] cheese - admin
[2021-03-05T16:48:09.287] [DEBUG] cheese - null
[2021-03-05T16:48:09.287] [DEBUG] cheese - null
[2021-03-05T16:55:12.782] [DEBUG] cheese - login => username:admin,password:123456
[2021-03-05T16:55:12.783] [DEBUG] cheese - admin
[2021-03-05T16:55:12.787] [DEBUG] cheese - null
[2021-03-05T16:55:12.787] [DEBUG] cheese - null
[2021-03-05T17:18:24.303] [DEBUG] cheese - login => username:admin,password:123456
[2021-03-05T17:18:24.303] [DEBUG] cheese - admin
[2021-03-05T17:18:24.309] [DEBUG] cheese - null
[2021-03-05T17:18:24.309] [DEBUG] cheese - null
[2021-03-05T17:20:30.375] [DEBUG] cheese - login => username:admin,password:123456
[2021-03-05T17:20:30.375] [DEBUG] cheese - admin
[2021-03-05T17:20:30.381] [DEBUG] cheese - null
[2021-03-05T17:20:30.381] [DEBUG] cheese - null
[2021-03-05T17:21:57.748] [DEBUG] cheese - login => username:admin,password:123456
[2021-03-05T17:21:57.748] [DEBUG] cheese - admin
[2021-03-05T17:21:57.753] [DEBUG] cheese - null
[2021-03-05T17:21:57.753] [DEBUG] cheese - null
[2021-03-05T17:22:46.069] [DEBUG] cheese - login => username:admin,password:123456
[2021-03-05T17:22:46.070] [DEBUG] cheese - admin
[2021-03-05T17:22:46.074] [DEBUG] cheese - null
[2021-03-05T17:22:46.074] [DEBUG] cheese - null
[2021-03-05T17:23:36.451] [DEBUG] cheese - login => username:admin,password:123456
[2021-03-05T17:23:36.452] [DEBUG] cheese - admin
[2021-03-05T17:23:36.457] [DEBUG] cheese - null
[2021-03-05T17:23:36.457] [DEBUG] cheese - null
[2021-03-05T17:33:46.496] [DEBUG] cheese - login => username:admin,password:123456
[2021-03-05T17:33:46.497] [DEBUG] cheese - admin
[2021-03-05T17:33:46.502] [DEBUG] cheese - null
[2021-03-05T17:33:46.502] [DEBUG] cheese - null
[2021-03-06T16:34:43.112] [DEBUG] cheese - login => username:admin,password:123456
[2021-03-06T16:34:43.114] [DEBUG] cheese - admin
[2021-03-06T16:34:43.143] [DEBUG] cheese - null
[2021-03-06T16:34:43.144] [DEBUG] cheese - null
[2021-03-06T16:35:51.753] [DEBUG] cheese - login => username:admin,password:123456
[2021-03-06T16:35:51.753] [DEBUG] cheese - admin
[2021-03-06T16:35:51.758] [DEBUG] cheese - null
[2021-03-06T16:35:51.758] [DEBUG] cheese - null
[2021-03-06T19:25:11.705] [DEBUG] cheese - login => username:admin,password:123456
[2021-03-06T19:25:11.707] [DEBUG] cheese - admin
[2021-03-06T19:25:11.725] [DEBUG] cheese - null
[2021-03-06T19:25:11.725] [DEBUG] cheese - null
[2021-03-06T20:32:47.457] [DEBUG] cheese - login => username:admin,password:123456
[2021-03-06T20:32:47.457] [DEBUG] cheese - admin
[2021-03-06T20:32:47.467] [DEBUG] cheese - null
[2021-03-06T20:32:47.467] [DEBUG] cheese - null
[2021-03-07T19:15:49.806] [DEBUG] cheese - login => username:admin,password:123456
[2021-03-07T19:15:49.809] [DEBUG] cheese - admin
[2021-03-07T19:15:49.838] [DEBUG] cheese - null
[2021-03-07T19:15:49.839] [DEBUG] cheese - null
[2021-03-07T20:19:55.601] [DEBUG] cheese - login => username:admin,password:123456
[2021-03-07T20:19:55.601] [DEBUG] cheese - admin
[2021-03-07T20:19:55.608] [DEBUG] cheese - null
[2021-03-07T20:19:55.608] [DEBUG] cheese - null
[2021-03-07T20:20:01.658] [DEBUG] cheese - login => username:admin,password:123456
[2021-03-07T20:20:01.659] [DEBUG] cheese - admin
[2021-03-07T20:20:01.664] [DEBUG] cheese - null
[2021-03-07T20:20:01.664] [DEBUG] cheese - null
[2021-03-08T09:54:13.969] [DEBUG] cheese - login => username:admin,password:123456
[2021-03-08T09:54:13.972] [DEBUG] cheese - admin
[2021-03-08T09:54:13.998] [DEBUG] cheese - null
[2021-03-08T09:54:14.000] [DEBUG] cheese - null
[2021-03-12T13:19:24.054] [DEBUG] cheese - login => username:admin,password:123456
[2021-03-12T13:19:24.058] [DEBUG] cheese - admin
[2021-03-12T13:19:24.085] [DEBUG] cheese - null
[2021-03-12T13:19:24.087] [DEBUG] cheese - null
[2021-03-12T14:31:13.933] [DEBUG] cheese - null
[2021-03-12T15:00:46.048] [DEBUG] cheese - null
[2021-03-12T15:03:54.398] [DEBUG] cheese - null
[2021-03-12T15:07:03.362] [DEBUG] cheese - null
[2021-03-12T15:08:28.591] [DEBUG] cheese - null
[2021-03-12T15:13:05.367] [DEBUG] cheese - null
[2021-03-12T16:00:30.875] [DEBUG] cheese - null
[2021-03-12T16:06:03.557] [DEBUG] cheese - null
[2021-03-12T16:08:40.520] [DEBUG] cheese - null
[2021-03-14T10:38:10.866] [DEBUG] cheese - login => username:admin,password:123456
[2021-03-14T10:38:10.869] [DEBUG] cheese - admin
[2021-03-14T10:38:10.894] [DEBUG] cheese - null
[2021-03-14T10:38:10.895] [DEBUG] cheese - null
[2021-03-15T16:48:02.093] [DEBUG] cheese - login => username:admin,password:123456
[2021-03-15T16:48:02.096] [DEBUG] cheese - admin
[2021-03-15T16:48:02.122] [DEBUG] cheese - null
[2021-03-15T16:48:02.123] [DEBUG] cheese - null
[2021-03-16T21:02:46.361] [DEBUG] cheese - login => username:admin,password:123456
[2021-03-16T21:02:46.364] [DEBUG] cheese - admin
[2021-03-16T21:02:46.383] [DEBUG] cheese - null
[2021-03-16T21:02:46.384] [DEBUG] cheese - null
[2021-03-17T12:26:25.586] [DEBUG] cheese - login => username:admin,password:123456
[2021-03-17T12:26:25.589] [DEBUG] cheese - admin
[2021-03-17T12:26:25.609] [DEBUG] cheese - null
[2021-03-17T12:26:25.610] [DEBUG] cheese - null
[2021-03-21T10:03:05.665] [DEBUG] cheese - login => username:admin,password:123456
[2021-03-21T10:03:05.666] [DEBUG] cheese - admin
[2021-03-21T10:03:05.682] [DEBUG] cheese - null
[2021-03-21T10:03:05.683] [DEBUG] cheese - null
[2021-03-22T10:07:41.343] [DEBUG] cheese - login => username:admin,password:123456
[2021-03-22T10:07:41.345] [DEBUG] cheese - admin
[2021-03-22T10:07:41.353] [DEBUG] cheese - null
[2021-03-22T10:07:41.353] [DEBUG] cheese - null
[2021-03-22T15:39:10.900] [DEBUG] cheese - null
[2021-03-22T15:52:54.648] [DEBUG] cheese - login => username:admin,password:123456
[2021-03-22T15:52:54.648] [DEBUG] cheese - admin
[2021-03-22T15:52:54.652] [DEBUG] cheese - null
[2021-03-22T15:52:54.652] [DEBUG] cheese - null
[2021-03-22T16:03:36.282] [DEBUG] cheese - login => username:admin,password:123456
[2021-03-22T16:03:36.284] [DEBUG] cheese - admin
[2021-03-22T16:03:36.295] [DEBUG] cheese - null
[2021-03-22T16:03:36.296] [DEBUG] cheese - null
[2021-03-22T16:08:15.443] [DEBUG] cheese - login => username:admin,password:123456
[2021-03-22T16:08:15.444] [DEBUG] cheese - admin
[2021-03-22T16:08:15.455] [DEBUG] cheese - null
[2021-03-22T16:08:15.456] [DEBUG] cheese - null
[2021-03-22T16:30:08.695] [DEBUG] cheese - login => username:admin,password:123456
[2021-03-22T16:30:08.697] [DEBUG] cheese - admin
[2021-03-22T16:30:08.709] [DEBUG] cheese - null
[2021-03-22T16:30:08.710] [DEBUG] cheese - null
[2021-03-22T17:59:45.200] [DEBUG] cheese - login => username:admin,password:123456
[2021-03-22T17:59:45.201] [DEBUG] cheese - admin
[2021-03-22T17:59:45.206] [DEBUG] cheese - null
[2021-03-22T17:59:45.207] [DEBUG] cheese - null
